info it worked if it ends with ok
verbose cli [ 'node', '/usr/bin/npm', 'install', '-d' ]
info using npm@1.1.4
info using node@v0.6.12
verbose config file /home/william/.npmrc
verbose config file /usr/etc/npmrc
verbose config file /usr/share/npm/npmrc
verbose caching /home/william/Documents/NinjaWeb/ex-mean/package.json
verbose loadDefaults Adriano-Chiliseo-And-William-Bonilla-Demo-Node-Js-Ninja-Web@0.0.1
verbose readDependencies: using package.json deps
verbose where, deps [ '/home/william/Documents/NinjaWeb/ex-mean',
verbose where, deps   [ 'express', 'swig' ] ]
verbose from cache /home/william/Documents/NinjaWeb/ex-mean/package.json
info preinstall Adriano-Chiliseo-And-William-Bonilla-Demo-Node-Js-Ninja-Web@0.0.1
verbose from cache /home/william/Documents/NinjaWeb/ex-mean/package.json
verbose readDependencies: using package.json deps
verbose cache add [ 'express@latest', null ]
silly cache add: name, spec, args [ undefined, 'express@latest', [ 'express@latest', null ] ]
verbose parsed url { pathname: 'express@latest',
verbose parsed url   path: 'express@latest',
verbose parsed url   href: 'express@latest' }
silly cache add: name, spec, args [ 'express', 'latest', [ 'express', 'latest' ] ]
verbose parsed url { pathname: 'latest', path: 'latest', href: 'latest' }
verbose addNamed [ 'express', 'latest' ]
verbose addNamed [ null, null ]
info addNameTag [ 'express', 'latest' ]
verbose raw, before any munging express
verbose url resolving [ 'https://registry.npmjs.org/', './express' ]
verbose url resolved https://registry.npmjs.org/express
http GET https://registry.npmjs.org/express
verbose cache add [ 'swig@^1.4.2', null ]
silly cache add: name, spec, args [ undefined, 'swig@^1.4.2', [ 'swig@^1.4.2', null ] ]
verbose parsed url { pathname: 'swig@^1.4.2',
verbose parsed url   path: 'swig@^1.4.2',
verbose parsed url   href: 'swig@^1.4.2' }
silly cache add: name, spec, args [ 'swig', '^1.4.2', [ 'swig', '^1.4.2' ] ]
verbose parsed url { pathname: '^1.4.2', path: '^1.4.2', href: '^1.4.2' }
verbose addNamed [ 'swig', '^1.4.2' ]
verbose addNamed [ null, null ]
info addNameTag [ 'swig', '^1.4.2' ]
verbose raw, before any munging swig
verbose url resolving [ 'https://registry.npmjs.org/', './swig' ]
verbose url resolved https://registry.npmjs.org/swig
http GET https://registry.npmjs.org/swig
ERR! Error: failed to fetch from registry: express
ERR!     at /usr/share/npm/lib/utils/npm-registry-client/get.js:139:12
ERR!     at cb (/usr/share/npm/lib/utils/npm-registry-client/request.js:31:9)
ERR!     at Request._callback (/usr/share/npm/lib/utils/npm-registry-client/request.js:136:18)
ERR!     at Request.callback (/usr/lib/nodejs/request/main.js:119:22)
ERR!     at Request.<anonymous> (/usr/lib/nodejs/request/main.js:212:58)
ERR!     at Request.emit (events.js:88:20)
ERR!     at ClientRequest.<anonymous> (/usr/lib/nodejs/request/main.js:412:12)
ERR!     at ClientRequest.emit (events.js:67:17)
ERR!     at HTTPParser.onIncoming (http.js:1261:11)
ERR!     at HTTPParser.onHeadersComplete (http.js:102:31)
ERR! You may report this log at:
ERR!     <http://bugs.debian.org/npm>
ERR! or use
ERR!     reportbug --attach /home/william/Documents/NinjaWeb/ex-mean/npm-debug.log npm
ERR! 
ERR! System Linux 3.2.0-74-generic
ERR! command "node" "/usr/bin/npm" "install" "-d"
ERR! cwd /home/william/Documents/NinjaWeb/ex-mean
ERR! node -v v0.6.12
ERR! npm -v 1.1.4
ERR! message failed to fetch from registry: express
verbose exit [ 1, true ]
